2012/11/14 21:46:01 Starting cygwin install, version 2.774
2012/11/14 21:46:01 User has backup/restore rights
2012/11/14 21:46:01 io_stream_cygfile: fopen(/etc/setup/net-proxy-host) failed 2 No such file or directory
2012/11/14 21:46:01 io_stream_cygfile: fopen(/etc/setup/net-proxy-port) failed 2 No such file or directory
2012/11/14 21:46:01 io_stream_cygfile: fopen(/etc/setup/extrakeys) failed 2 No such file or directory
2012/11/14 21:46:01 io_stream_cygfile: fopen(/etc/setup/chooser_window_settings) failed 2 No such file or directory
2012/11/14 21:46:01 Current Directory: V:\openjdk\cygwin
2012/11/14 21:46:01 Could not open service McShield for query, start and stop. McAfee may not be installed, or we don't have access.
2012/11/14 21:46:03 source: network install
2012/11/14 21:46:10 root: c:\openjdkbuild\prerequisites\utils\cygwin\ binary system
2012/11/14 21:46:11 Selected local directory: V:\openjdk\cygwin
2012/11/14 21:46:12 net: Direct
2012/11/14 21:46:14 site: http://mirrors.163.com/cygwin/
2012/11/14 21:46:26 io_stream_cygfile: fopen(/etc/setup/installed.db) failed 2 No such file or directory
2012/11/14 21:46:26 io_stream_cygfile: fopen(/etc/setup/timestamp) failed 2 No such file or directory
2012/11/14 21:47:55 Adding required dependency libncurses8: Selecting version 5.5-10 for installation.
2012/11/14 21:47:55 Adding required dependency terminfo0: Selecting version 5.5_20061104-12 for installation.
2012/11/14 21:48:02 Extracting from file://V:\openjdk\cygwin/http%3a%2f%2fmirrors.163.com%2fcygwin%2f/release/_autorebase/_autorebase-000159-1.tar.bz2
2012/11/14 21:48:02 Extracting from file://V:\openjdk\cygwin/http%3a%2f%2fmirrors.163.com%2fcygwin%2f/release/_update-info-dir/_update-info-dir-01087-1.tar.bz2
2012/11/14 21:48:02 Extracting from file://V:\openjdk\cygwin/http%3a%2f%2fmirrors.163.com%2fcygwin%2f/release/alternatives/alternatives-1.3.30c-10.tar.bz2
2012/11/14 21:48:02 Extracting from file://V:\openjdk\cygwin/http%3a%2f%2fmirrors.163.com%2fcygwin%2f/release/base-cygwin/base-cygwin-3.1-1.tar.bz2
2012/11/14 21:48:02 Extracting from file://V:\openjdk\cygwin/http%3a%2f%2fmirrors.163.com%2fcygwin%2f/release/base-files/base-files-4.1-1.tar.bz2
2012/11/14 21:48:03 Extracting from file://V:\openjdk\cygwin/http%3a%2f%2fmirrors.163.com%2fcygwin%2f/release/bash/bash-4.1.10-4.tar.bz2
2012/11/14 21:48:04 Extracting from file://V:\openjdk\cygwin/http%3a%2f%2fmirrors.163.com%2fcygwin%2f/release/binutils/binutils-2.22.51-2.tar.bz2
2012/11/14 21:48:08 Extracting from file://V:\openjdk\cygwin/http%3a%2f%2fmirrors.163.com%2fcygwin%2f/release/bzip2/bzip2-1.0.6-2.tar.bz2
2012/11/14 21:48:09 Extracting from file://V:\openjdk\cygwin/http%3a%2f%2fmirrors.163.com%2fcygwin%2f/release/coreutils/coreutils-8.15-1.tar.bz2
2012/11/14 21:48:12 Extracting from file://V:\openjdk\cygwin/http%3a%2f%2fmirrors.163.com%2fcygwin%2f/release/cpio/cpio-2.11-2.tar.bz2
2012/11/14 21:48:13 Extracting from file://V:\openjdk\cygwin/http%3a%2f%2fmirrors.163.com%2fcygwin%2f/release/cygutils/cygutils-1.4.10-2.tar.bz2
2012/11/14 21:48:13 Extracting from file://V:\openjdk\cygwin/http%3a%2f%2fmirrors.163.com%2fcygwin%2f/release/cygwin/cygwin-1.7.17-1.tar.bz2
2012/11/14 21:48:16 Extracting from file://V:\openjdk\cygwin/http%3a%2f%2fmirrors.163.com%2fcygwin%2f/release/cygwin-doc/cygwin-doc-1.7-1.tar.bz2
2012/11/14 21:48:17 Extracting from file://V:\openjdk\cygwin/http%3a%2f%2fmirrors.163.com%2fcygwin%2f/release/dash/dash-0.5.7-1.tar.bz2
2012/11/14 21:48:17 Extracting from file://V:\openjdk\cygwin/http%3a%2f%2fmirrors.163.com%2fcygwin%2f/release/diffutils/diffutils-3.2-1.tar.bz2
2012/11/14 21:48:19 Extracting from file://V:\openjdk\cygwin/http%3a%2f%2fmirrors.163.com%2fcygwin%2f/release/dos2unix/dos2unix-6.0.2-1.tar.bz2
2012/11/14 21:48:19 Extracting from file://V:\openjdk\cygwin/http%3a%2f%2fmirrors.163.com%2fcygwin%2f/release/editrights/editrights-1.01-2.tar.bz2
2012/11/14 21:48:19 Extracting from file://V:\openjdk\cygwin/http%3a%2f%2fmirrors.163.com%2fcygwin%2f/release/file/file-5.11-1.tar.bz2
2012/11/14 21:48:20 Extracting from file://V:\openjdk\cygwin/http%3a%2f%2fmirrors.163.com%2fcygwin%2f/release/findutils/findutils-4.5.9-2.tar.bz2
2012/11/14 21:48:21 Extracting from file://V:\openjdk\cygwin/http%3a%2f%2fmirrors.163.com%2fcygwin%2f/release/gawk/gawk-4.0.1-1.tar.bz2
2012/11/14 21:48:21 Extracting from file://V:\openjdk\cygwin/http%3a%2f%2fmirrors.163.com%2fcygwin%2f/release/gettext/gettext-0.18.1.1-2.tar.bz2
2012/11/14 21:48:22 Extracting from file://V:\openjdk\cygwin/http%3a%2f%2fmirrors.163.com%2fcygwin%2f/release/grep/grep-2.6.3-1.tar.bz2
2012/11/14 21:48:23 Extracting from file://V:\openjdk\cygwin/http%3a%2f%2fmirrors.163.com%2fcygwin%2f/release/groff/groff-1.21-2.tar.bz2
2012/11/14 21:48:31 Extracting from file://V:\openjdk\cygwin/http%3a%2f%2fmirrors.163.com%2fcygwin%2f/release/gzip/gzip-1.4-1.tar.bz2
2012/11/14 21:48:31 Extracting from file://V:\openjdk\cygwin/http%3a%2f%2fmirrors.163.com%2fcygwin%2f/release/ipc-utils/ipc-utils-1.0-1.tar.bz2
2012/11/14 21:48:31 Extracting from file://V:\openjdk\cygwin/http%3a%2f%2fmirrors.163.com%2fcygwin%2f/release/less/less-444-1.tar.bz2
2012/11/14 21:48:31 Extracting from file://V:\openjdk\cygwin/http%3a%2f%2fmirrors.163.com%2fcygwin%2f/release/attr/libattr1/libattr1-2.4.46-1.tar.bz2
2012/11/14 21:48:31 Extracting from file://V:\openjdk\cygwin/http%3a%2f%2fmirrors.163.com%2fcygwin%2f/release/bzip2/libbz2_1/libbz2_1-1.0.6-2.tar.bz2
2012/11/14 21:48:31 Extracting from file://V:\openjdk\cygwin/http%3a%2f%2fmirrors.163.com%2fcygwin%2f/release/gcc4/libgcc1/libgcc1-4.5.3-3.tar.bz2
2012/11/14 21:48:31 Extracting from file://V:\openjdk\cygwin/http%3a%2f%2fmirrors.163.com%2fcygwin%2f/release/gmp/libgmp3/libgmp3-4.3.2-1.tar.bz2
2012/11/14 21:48:31 Extracting from file://V:\openjdk\cygwin/http%3a%2f%2fmirrors.163.com%2fcygwin%2f/release/libiconv/libiconv2/libiconv2-1.14-2.tar.bz2
2012/11/14 21:48:31 Extracting from file://V:\openjdk\cygwin/http%3a%2f%2fmirrors.163.com%2fcygwin%2f/release/gettext/libintl8/libintl8-0.18.1.1-2.tar.bz2
2012/11/14 21:48:31 Extracting from file://V:\openjdk\cygwin/http%3a%2f%2fmirrors.163.com%2fcygwin%2f/release/xz/liblzma5/liblzma5-5.0.2_20110517-1.tar.bz2
2012/11/14 21:48:31 Extracting from file://V:\openjdk\cygwin/http%3a%2f%2fmirrors.163.com%2fcygwin%2f/release/ncurses/libncurses10/libncurses10-5.7-18.tar.bz2
2012/11/14 21:48:31 Extracting from file://V:\openjdk\cygwin/http%3a%2f%2fmirrors.163.com%2fcygwin%2f/release/ncurses/libncurses8/libncurses8-5.5-10.tar.bz2
2012/11/14 21:48:32 Extracting from file://V:\openjdk\cygwin/http%3a%2f%2fmirrors.163.com%2fcygwin%2f/release/ncursesw/libncursesw10/libncursesw10-5.7-18.tar.bz2
2012/11/14 21:48:32 Extracting from file://V:\openjdk\cygwin/http%3a%2f%2fmirrors.163.com%2fcygwin%2f/release/pcre/libpcre0/libpcre0-8.21-2.tar.bz2
2012/11/14 21:48:32 Extracting from file://V:\openjdk\cygwin/http%3a%2f%2fmirrors.163.com%2fcygwin%2f/release/popt/libpopt0/libpopt0-1.6.4-4.tar.bz2
2012/11/14 21:48:32 Extracting from file://V:\openjdk\cygwin/http%3a%2f%2fmirrors.163.com%2fcygwin%2f/release/readline/libreadline7/libreadline7-6.1.2-3.tar.bz2
2012/11/14 21:48:32 Extracting from file://V:\openjdk\cygwin/http%3a%2f%2fmirrors.163.com%2fcygwin%2f/release/libsigsegv/libsigsegv2/libsigsegv2-2.10-1.tar.bz2
2012/11/14 21:48:32 Extracting from file://V:\openjdk\cygwin/http%3a%2f%2fmirrors.163.com%2fcygwin%2f/release/gcc4/libstdc++6/libstdc++6-4.5.3-3.tar.bz2
2012/11/14 21:48:32 Extracting from file://V:\openjdk\cygwin/http%3a%2f%2fmirrors.163.com%2fcygwin%2f/release/login/login-1.10-10.tar.bz2
2012/11/14 21:48:33 Extracting from file://V:\openjdk\cygwin/http%3a%2f%2fmirrors.163.com%2fcygwin%2f/release/m4/m4-1.4.16-1.tar.bz2
2012/11/14 21:48:33 Extracting from file://V:\openjdk\cygwin/http%3a%2f%2fmirrors.163.com%2fcygwin%2f/release/man/man-1.6g-1.tar.bz2
2012/11/14 21:48:33 Extracting from file://V:\openjdk\cygwin/http%3a%2f%2fmirrors.163.com%2fcygwin%2f/release/mintty/mintty-1.1.2-1.tar.bz2
2012/11/14 21:48:33 Extracting from file://V:\openjdk\cygwin/http%3a%2f%2fmirrors.163.com%2fcygwin%2f/release/procps/procps-3.2.7-1.tar.bz2
2012/11/14 21:48:34 Extracting from file://V:\openjdk\cygwin/http%3a%2f%2fmirrors.163.com%2fcygwin%2f/release/rebase/rebase-4.3.0-1.tar.bz2
2012/11/14 21:48:34 Extracting from file://V:\openjdk\cygwin/http%3a%2f%2fmirrors.163.com%2fcygwin%2f/release/run/run-1.1.13-1.tar.bz2
2012/11/14 21:48:34 Extracting from file://V:\openjdk\cygwin/http%3a%2f%2fmirrors.163.com%2fcygwin%2f/release/sed/sed-4.2.1-2.tar.bz2
2012/11/14 21:48:34 Extracting from file://V:\openjdk\cygwin/http%3a%2f%2fmirrors.163.com%2fcygwin%2f/release/tar/tar-1.26-1.tar.bz2
2012/11/14 21:48:36 Extracting from file://V:\openjdk\cygwin/http%3a%2f%2fmirrors.163.com%2fcygwin%2f/release/terminfo/terminfo-5.7_20091114-14.tar.bz2
2012/11/14 21:48:36 Extracting from file://V:\openjdk\cygwin/http%3a%2f%2fmirrors.163.com%2fcygwin%2f/release/terminfo/terminfo0/terminfo0-5.5_20061104-12.tar.bz2
2012/11/14 21:48:37 Extracting from file://V:\openjdk\cygwin/http%3a%2f%2fmirrors.163.com%2fcygwin%2f/release/texinfo/texinfo-4.13-4.tar.bz2
2012/11/14 21:48:39 Extracting from file://V:\openjdk\cygwin/http%3a%2f%2fmirrors.163.com%2fcygwin%2f/release/tzcode/tzcode-2012e-1.tar.bz2
2012/11/14 21:48:46 Extracting from file://V:\openjdk\cygwin/http%3a%2f%2fmirrors.163.com%2fcygwin%2f/release/unzip/unzip-6.0-10.tar.bz2
2012/11/14 21:48:46 Extracting from file://V:\openjdk\cygwin/http%3a%2f%2fmirrors.163.com%2fcygwin%2f/release/which/which-2.20-2.tar.bz2
2012/11/14 21:48:46 Extracting from file://V:\openjdk\cygwin/http%3a%2f%2fmirrors.163.com%2fcygwin%2f/release/xz/xz-5.0.2_20110517-1.tar.bz2
2012/11/14 21:48:48 Extracting from file://V:\openjdk\cygwin/http%3a%2f%2fmirrors.163.com%2fcygwin%2f/release/zip/zip-3.0-11.tar.bz2
2012/11/14 21:48:48 Extracting from file://V:\openjdk\cygwin/http%3a%2f%2fmirrors.163.com%2fcygwin%2f/release/zlib/zlib0/zlib0-1.2.7-1.tar.bz2
2012/11/14 21:48:48 Changing gid back to original
2012/11/14 21:48:48 running: c:\openjdkbuild\prerequisites\utils\cygwin\\bin\bash.exe --norc --noprofile "/etc/postinstall/000-cygwin-post-install.sh"
2012/11/14 21:48:52 running: c:\openjdkbuild\prerequisites\utils\cygwin\\bin\bash.exe --norc --noprofile "/etc/postinstall/update-info-dir.sh"
2012/11/14 21:49:07 running: c:\openjdkbuild\prerequisites\utils\cygwin\\bin\bash.exe --norc --noprofile "/etc/postinstall/terminfo.sh"
2012/11/14 21:49:20 running: c:\openjdkbuild\prerequisites\utils\cygwin\\bin\bash.exe --norc --noprofile "/etc/postinstall/bash.sh"
2012/11/14 21:49:21 running: c:\openjdkbuild\prerequisites\utils\cygwin\\bin\bash.exe --norc --noprofile "/etc/postinstall/coreutils.sh"
2012/11/14 21:49:22 running: cmd.exe /c "c:\openjdkbuild\prerequisites\utils\cygwin\\etc\postinstall\autorebase.bat"
2012/11/14 21:49:23 running: c:\openjdkbuild\prerequisites\utils\cygwin\\bin\bash.exe --norc --noprofile "/etc/postinstall/base-files-profile.sh"
2012/11/14 21:49:29 running: c:\openjdkbuild\prerequisites\utils\cygwin\\bin\bash.exe --norc --noprofile "/etc/postinstall/base-files-mketc.sh"
2012/11/14 21:49:30 running: c:\openjdkbuild\prerequisites\utils\cygwin\\bin\bash.exe --norc --noprofile "/etc/postinstall/cygutils.sh"
2012/11/14 21:49:30 running: c:\openjdkbuild\prerequisites\utils\cygwin\\bin\bash.exe --norc --noprofile "/etc/postinstall/man.sh"
2012/11/14 21:49:31 running: c:\openjdkbuild\prerequisites\utils\cygwin\\bin\bash.exe --norc --noprofile "/etc/postinstall/terminfo0.sh"
2012/11/14 21:49:43 Changing gid to Administrators
2012/11/14 21:50:29 note: Installation Complete
2012/11/14 21:50:29 Ending cygwin install
